{
  "stats": {
    "suites": 1,
    "tests": 6,
    "passes": 6,
    "pending": 0,
    "failures": 0,
    "start": "2022-11-13T13:54:09.237Z",
    "end": "2022-11-13T13:54:44.593Z",
    "duration": 35356,
    "testsRegistered": 6,
    "passPercent": 100,
    "pendingPercent": 0,
    "other": 0,
    "hasOther": false,
    "skipped": 0,
    "hasSkipped": false
  },
  "results": [
    {
      "uuid": "d8535cf9-b331-49c3-b00e-6f064b4a0062",
      "title": "",
      "fullFile": "cypress/integration/WebAppRegressionTest.js",
      "file": "cypress/integration/WebAppRegressionTest.js",
      "beforeHooks": [],
      "afterHooks": [],
      "tests": [],
      "suites": [
        {
          "uuid": "4c9200cb-fc0e-42d6-a888-b392f47d38b3",
          "title": "Quales Learning Platform",
          "fullFile": "",
          "file": "",
          "beforeHooks": [],
          "afterHooks": [],
          "tests": [
            {
              "title": "Validate that the user can visit the Quales Learning Platform successfully",
              "fullTitle": "Quales Learning Platform Validate that the user can visit the Quales Learning Platform successfully",
              "timedOut": null,
              "duration": 5163,
              "state": "passed",
              "speed": "slow",
              "pass": true,
              "fail": false,
              "pending": false,
              "context": null,
              "code": "//visiting the Quales url\ncy.visit(\"http://tawdry-rule.surge.sh/\"); //cofirming that these elements are visible \ncy.contains(\"Training\").should(\"be.visible\");\ncy.contains(\"Courses\").should(\"be.visible\");\ncy.contains(\"Contact Us\").should(\"be.visible\");",
              "err": {},
              "uuid": "4391cd64-2157-42a4-9140-88db4694ec73",
              "parentUUID": "4c9200cb-fc0e-42d6-a888-b392f47d38b3",
              "isHook": false,
              "skipped": false
            },
            {
              "title": "Validate that the user can sign in successfully on the Quales Learning Platform",
              "fullTitle": "Quales Learning Platform Validate that the user can sign in successfully on the Quales Learning Platform",
              "timedOut": null,
              "duration": 6178,
              "state": "passed",
              "speed": "slow",
              "pass": true,
              "fail": false,
              "pending": false,
              "context": null,
              "code": "//visiting the Quales url\ncy.visit(\"http://tawdry-rule.surge.sh/\"); //click the login button\ncy.get('.css-48p1y4 > .MuiButton-root').click(); //type email in the email field\ncy.get('[data-testid=EmailAddress]').type(\"ay@mail.com\"); //type password in the password field\ncy.get('[data-testid=Password]').type(\"pass1234\"); //click the login button\ncy.get('.MuiButton-contained').click(); //confirming that Ayobami is visible on the page\ncy.contains(\"Ayobami\").should(\"be.visible\");",
              "err": {},
              "uuid": "abc65872-c1f7-4f81-bb20-23a4b59181a9",
              "parentUUID": "4c9200cb-fc0e-42d6-a888-b392f47d38b3",
              "isHook": false,
              "skipped": false
            },
            {
              "title": "Validate that the user can update course successfully on the Quales Learning Platform",
              "fullTitle": "Quales Learning Platform Validate that the user can update course successfully on the Quales Learning Platform",
              "timedOut": null,
              "duration": 1999,
              "state": "passed",
              "speed": "slow",
              "pass": true,
              "fail": false,
              "pending": false,
              "context": null,
              "code": "//open course\ncy.get(':nth-child(2) > .MuiCardMedia-root').click(); //click the edit button\ncy.get('.css-klop1v').click(); //select a Quality Assurance from dropdown\ncy.get('#demo-simple-select').click();\ncy.get('[data-value=\"1\"]').click(); //Update Course\ncy.get('.css-tzsjye > .MuiButton-root').click();",
              "err": {},
              "uuid": "9ffad0f7-fc6b-4ce5-8614-7bb2ed384a2b",
              "parentUUID": "4c9200cb-fc0e-42d6-a888-b392f47d38b3",
              "isHook": false,
              "skipped": false
            },
            {
              "title": "Validate that the user cannot sign in successfully on the Quales Learning Platform with invalid credetial",
              "fullTitle": "Quales Learning Platform Validate that the user cannot sign in successfully on the Quales Learning Platform with invalid credetial",
              "timedOut": null,
              "duration": 3041,
              "state": "passed",
              "speed": "slow",
              "pass": true,
              "fail": false,
              "pending": false,
              "context": null,
              "code": "//visiting the Quales url\ncy.visit(\"http://tawdry-rule.surge.sh/\"); //click the login button\ncy.get('.css-48p1y4 > .MuiButton-root').click(); //type email in the email field\ncy.get('[data-testid=EmailAddress]').type(\"ay@mail.com\"); //type password in the password field\ncy.get('[data-testid=Password]').type(\"pass4234\"); //click the login button\ncy.get('.MuiButton-contained').click(); //confirming that invalid credential is displayed \ncy.contains(\"Invalid Login Credential\").should(\"be.visible\");",
              "err": {},
              "uuid": "365d0eca-f1b9-4d10-b0dc-8c306c35052e",
              "parentUUID": "4c9200cb-fc0e-42d6-a888-b392f47d38b3",
              "isHook": false,
              "skipped": false
            },
            {
              "title": "Validate that the user can create a course successfully on the Quales Learning Platform",
              "fullTitle": "Quales Learning Platform Validate that the user can create a course successfully on the Quales Learning Platform",
              "timedOut": null,
              "duration": 8186,
              "state": "passed",
              "speed": "slow",
              "pass": true,
              "fail": false,
              "pending": false,
              "context": null,
              "code": "//visiting the Quales url\ncy.visit(\"http://tawdry-rule.surge.sh/\");\ncy.viewport(1536, 960); //click the login button\ncy.get('.css-48p1y4 > .MuiButton-root').click(); //type email in the email field\ncy.get('[data-testid=EmailAddress]').type(\"ay@mail.com\"); //type password in the password field\ncy.get('[data-testid=Password]').type(\"pass1234\"); //click the login button\ncy.get('.MuiButton-contained').click(); //click add course button\ncy.get('.MuiGrid-root > .MuiButton-root').click(); //course title\ncy.get('[data-testid=\"Title*\"]').type(\"Cypress 529\"); //description\ncy.get(':nth-child(2) > .MuiFormControl-root > .MuiOutlinedInput-root').type(\"AdvancedCypress\"); //select quality assurance\ncy.get('#demo-simple-select').click();\ncy.get('[data-value=\"1\"]').click(); //image url\ncy.get('[data-testid=ImageURL]').type(\"https://unsplash.com/photos/FlPc9_VocJ4\"); //select offline course\ncy.get('[data-testid=offline]').click(); //address\ncy.get('[data-testid=\"Address*\"]').type(\"file/downloads/cypress\"); //create course\ncy.get('.css-tzsjye > .MuiButton-root').click();",
              "err": {},
              "uuid": "65ada60f-77b2-4291-a2fa-3be6d64deec4",
              "parentUUID": "4c9200cb-fc0e-42d6-a888-b392f47d38b3",
              "isHook": false,
              "skipped": false
            },
            {
              "title": "Validate that the user can delete a course successfully on the Quales Learning Platform",
              "fullTitle": "Quales Learning Platform Validate that the user can delete a course successfully on the Quales Learning Platform",
              "timedOut": null,
              "duration": 5891,
              "state": "passed",
              "speed": "slow",
              "pass": true,
              "fail": false,
              "pending": false,
              "context": null,
              "code": "//visiting the Quales url\ncy.visit(\"http://tawdry-rule.surge.sh/\");\ncy.viewport(1536, 960); //click the login button\ncy.get('.css-48p1y4 > .MuiButton-root').click(); //type email in the email field\ncy.get('[data-testid=EmailAddress]').type(\"ayp@mail.com\"); //type password in the password field\ncy.get('[data-testid=Password]').type(\"pass1234\"); //click the login button\ncy.get('.MuiButton-contained').click(); //open course\ncy.get(':nth-child(2) > .MuiCardMedia-root').click(); //delete course\ncy.get('.css-wvpqgg').click();\ncy.get('.MuiBox-root > .MuiButton-contained').click(); //confirmation toast that the course was deleted successfully\ncy.contains('Course deleted successfully').should('be.visible');",
              "err": {},
              "uuid": "5ec0db31-3a05-4bbe-ab65-6a48d2389177",
              "parentUUID": "4c9200cb-fc0e-42d6-a888-b392f47d38b3",
              "isHook": false,
              "skipped": false
            }
          ],
          "suites": [],
          "passes": [
            "4391cd64-2157-42a4-9140-88db4694ec73",
            "abc65872-c1f7-4f81-bb20-23a4b59181a9",
            "9ffad0f7-fc6b-4ce5-8614-7bb2ed384a2b",
            "365d0eca-f1b9-4d10-b0dc-8c306c35052e",
            "65ada60f-77b2-4291-a2fa-3be6d64deec4",
            "5ec0db31-3a05-4bbe-ab65-6a48d2389177"
          ],
          "failures": [],
          "pending": [],
          "skipped": [],
          "duration": 30458,
          "root": false,
          "rootEmpty": false,
          "_timeout": 2000
        }
      ],
      "passes": [],
      "failures": [],
      "pending": [],
      "skipped": [],
      "duration": 0,
      "root": true,
      "rootEmpty": true,
      "_timeout": 2000
    }
  ],
  "meta": {
    "mocha": {
      "version": "7.0.1"
    },
    "mochawesome": {
      "options": {
        "quiet": false,
        "reportFilename": "mochawesome",
        "saveHtml": true,
        "saveJson": true,
        "consoleReporter": "spec",
        "useInlineDiffs": false,
        "code": true
      },
      "version": "6.2.2"
    },
    "marge": {
      "options": null,
      "version": "5.2.0"
    }
  }
}