{
  "stats": {
    "suites": 1,
    "tests": 1,
    "passes": 1,
    "pending": 0,
    "failures": 0,
    "start": "2022-12-07T17:30:08.376Z",
    "end": "2022-12-07T17:31:21.632Z",
    "duration": 73256,
    "testsRegistered": 1,
    "passPercent": 100,
    "pendingPercent": 0,
    "other": 0,
    "hasOther": false,
    "skipped": 0,
    "hasSkipped": false
  },
  "results": [
    {
      "uuid": "b559ad61-48cb-4a1a-bb0e-bce47ad0cff5",
      "title": "",
      "fullFile": "cypress/e2e/Practice/christmasDay.cy.js",
      "file": "cypress/e2e/Practice/christmasDay.cy.js",
      "beforeHooks": [],
      "afterHooks": [],
      "tests": [],
      "suites": [
        {
          "uuid": "cffad152-431c-4630-9c11-bfddf7227d52",
          "title": "Christmas Day",
          "fullFile": "",
          "file": "",
          "beforeHooks": [],
          "afterHooks": [],
          "tests": [
            {
              "title": "verify that 25th December is visible as christmas day",
              "fullTitle": "Christmas Day verify that 25th December is visible as christmas day",
              "timedOut": null,
              "duration": 61695,
              "state": "passed",
              "speed": "slow",
              "pass": true,
              "fail": false,
              "pending": false,
              "context": null,
              "code": "cy.visit('https://www.google.com');\ncy.get(\"input[title='Search']\").type('christmas day');\ncy.wait(3000); //common locator for the results \ncy.get(\"div.wM6W7d\").each(($el, index, $list) => {\n  if ($el.text() == 'christmas day') {\n    cy.wrap($el).click();\n  }\n});\ncy.contains('25 December').should('be.visible');",
              "err": {},
              "uuid": "5ffc1e62-2d9c-4b7f-b3ae-303cfa8ed096",
              "parentUUID": "cffad152-431c-4630-9c11-bfddf7227d52",
              "isHook": false,
              "skipped": false
            }
          ],
          "suites": [],
          "passes": [
            "5ffc1e62-2d9c-4b7f-b3ae-303cfa8ed096"
          ],
          "failures": [],
          "pending": [],
          "skipped": [],
          "duration": 61695,
          "root": false,
          "rootEmpty": false,
          "_timeout": 2000
        }
      ],
      "passes": [],
      "failures": [],
      "pending": [],
      "skipped": [],
      "duration": 0,
      "root": true,
      "rootEmpty": true,
      "_timeout": 2000
    }
  ],
  "meta": {
    "mocha": {
      "version": "7.0.1"
    },
    "mochawesome": {
      "options": {
        "quiet": false,
        "reportFilename": "mochawesome",
        "saveHtml": true,
        "saveJson": true,
        "consoleReporter": "spec",
        "useInlineDiffs": false,
        "code": true
      },
      "version": "7.1.3"
    },
    "marge": {
      "options": null,
      "version": "6.2.0"
    }
  }
}