{
  "stats": {
    "suites": 1,
    "tests": 1,
    "passes": 1,
    "pending": 0,
    "failures": 0,
    "start": "2023-06-02T00:29:23.522Z",
    "end": "2023-06-02T00:29:53.209Z",
    "duration": 29687,
    "testsRegistered": 1,
    "passPercent": 100,
    "pendingPercent": 0,
    "other": 0,
    "hasOther": false,
    "skipped": 0,
    "hasSkipped": false
  },
  "results": [
    {
      "uuid": "363384d5-6d54-4636-9686-0242cf50a520",
      "title": "",
      "fullFile": "cypress/e2e/practice/enyataAssessment.cy.js",
      "file": "cypress/e2e/practice/enyataAssessment.cy.js",
      "beforeHooks": [],
      "afterHooks": [],
      "tests": [],
      "suites": [
        {
          "uuid": "357518fc-83d7-4ca0-b3cb-52a307c66543",
          "title": "UI Automation",
          "fullFile": "",
          "file": "",
          "beforeHooks": [],
          "afterHooks": [],
          "tests": [
            {
              "title": "Create course",
              "fullTitle": "UI Automation Create course",
              "timedOut": null,
              "duration": 25296,
              "state": "passed",
              "speed": "slow",
              "pass": true,
              "fail": false,
              "pending": false,
              "context": null,
              "code": "cy.get(\"input[id='Email']\").type(\"Enyatauser@yopmail.com\");\ncy.get(\"input[name='password']\").type(\"P@ssw0rd\");\ncy.get(\"button[type='submit']\").should('be.enabled').click();\ncy.get('.ub-bs_17sc08g').should('be.visible').contains('Authentication Successful');\ncy.get('body > div:nth-child(1) > div:nth-child(1) > div:nth-child(1) > div:nth-child(1) > div:nth-child(1) > div:nth-child(4) > a:nth-child(1) > div:nth-child(1) > div:nth-child(1) > div:nth-child(1)').click();\ncy.get(\"button[class='chakra-button css-1wd62wy']\").click();\n//course without ceertificate\ncy.get(\"button[data-testid='create-without-quiz']\").click();\n//step1\ncy.get(\"input[name='title']\").type('Cypress 101');\ncy.get('[class=\"chakra-select css-e4yag9\"]').select('Free');\ncy.get('[class=\"chakra-textarea css-tvg9v3\"]').type('A course showing how cypress works');\ncy.get('#image-label').uploadFile('enyata.png');\ncy.get(\"input[placeholder='Enter benefit']\").type('Benefit');\ncy.get(\"button[type='submit']\").should('be.enabled').click();\n//step2\ncy.get('[class=\"chakra-button css-ntmkuj\"]').click();\ncy.get(\"input[name='course-topic']\").type('How to use Cypress');\ncy.get(\"input[name='lesson-title']\").type('Title');",
              "err": {},
              "uuid": "883986f4-4ae9-4af2-8bb5-4496da21bfd7",
              "parentUUID": "357518fc-83d7-4ca0-b3cb-52a307c66543",
              "isHook": false,
              "skipped": false
            }
          ],
          "suites": [],
          "passes": [
            "883986f4-4ae9-4af2-8bb5-4496da21bfd7"
          ],
          "failures": [],
          "pending": [],
          "skipped": [],
          "duration": 25296,
          "root": false,
          "rootEmpty": false,
          "_timeout": 2000
        }
      ],
      "passes": [],
      "failures": [],
      "pending": [],
      "skipped": [],
      "duration": 0,
      "root": true,
      "rootEmpty": true,
      "_timeout": 2000
    }
  ],
  "meta": {
    "mocha": {
      "version": "7.0.1"
    },
    "mochawesome": {
      "options": {
        "quiet": false,
        "reportFilename": "mochawesome",
        "saveHtml": true,
        "saveJson": true,
        "consoleReporter": "spec",
        "useInlineDiffs": false,
        "code": true
      },
      "version": "7.1.3"
    },
    "marge": {
      "options": null,
      "version": "6.2.0"
    }
  }
}